d:\desktop\universidade\cslp\projeto\video player\video player\x64\debug\vc142.pdb
d:\desktop\universidade\cslp\projeto\video player\video player\x64\debug\vc142.idb
d:\desktop\universidade\cslp\projeto\video player\video player\x64\debug\video player.obj
d:\desktop\universidade\cslp\projeto\video player\video player\x64\debug\bitstream.obj
d:\desktop\universidade\cslp\projeto\video player\video player\x64\debug\golomb.obj
d:\desktop\universidade\cslp\projeto\video player\video player\x64\debug\vcpkg.applocal.log
d:\desktop\universidade\cslp\projeto\video player\video player\x64\debug\bitstream.obj.enc
d:\desktop\universidade\cslp\projeto\video player\video player\x64\debug\golomb.obj.enc
d:\desktop\universidade\cslp\projeto\video player\video player\x64\debug\video player.obj.enc
d:\desktop\universidade\cslp\projeto\video player\x64\debug\video player.pdb
d:\desktop\universidade\cslp\projeto\video player\video player\x64\debug\video player.tlog\cl.command.1.tlog
d:\desktop\universidade\cslp\projeto\video player\video player\x64\debug\video player.tlog\cl.read.1.tlog
d:\desktop\universidade\cslp\projeto\video player\video player\x64\debug\video player.tlog\cl.write.1.tlog
d:\desktop\universidade\cslp\projeto\video player\video player\x64\debug\video player.tlog\link-cvtres.read.1.tlog
d:\desktop\universidade\cslp\projeto\video player\video player\x64\debug\video player.tlog\link-cvtres.write.1.tlog
d:\desktop\universidade\cslp\projeto\video player\video player\x64\debug\video player.tlog\link-rc.read.1.tlog
d:\desktop\universidade\cslp\projeto\video player\video player\x64\debug\video player.tlog\link-rc.write.1.tlog
d:\desktop\universidade\cslp\projeto\video player\video player\x64\debug\video player.tlog\link.2736-cvtres.read.1.tlog
d:\desktop\universidade\cslp\projeto\video player\video player\x64\debug\video player.tlog\link.2736-cvtres.write.1.tlog
d:\desktop\universidade\cslp\projeto\video player\video player\x64\debug\video player.tlog\link.2736-rc.read.1.tlog
d:\desktop\universidade\cslp\projeto\video player\video player\x64\debug\video player.tlog\link.2736-rc.write.1.tlog
d:\desktop\universidade\cslp\projeto\video player\video player\x64\debug\video player.tlog\link.2736.read.1.tlog
d:\desktop\universidade\cslp\projeto\video player\video player\x64\debug\video player.tlog\link.2736.write.1.tlog
d:\desktop\universidade\cslp\projeto\video player\video player\x64\debug\video player.tlog\link.command.1.tlog
d:\desktop\universidade\cslp\projeto\video player\video player\x64\debug\video player.tlog\link.read.1.tlog
d:\desktop\universidade\cslp\projeto\video player\video player\x64\debug\video player.tlog\link.write.1.tlog
d:\desktop\universidade\cslp\projeto\video player\video player\x64\debug\video player.tlog\video player.write.1u.tlog
